<?xml version="1.0"?><coverage lines-covered="86" lines-valid="420" line-rate="0.20476190476190476" branches-covered="0" branches-valid="0" branch-rate="0" complexity="0" version="1.9" timestamp="1756465991"><sources><source>D:\code\sshmanager\src-tauri</source></sources><packages><package name="src\services" line-rate="0.8137254901960784" branch-rate="0" complexity="0"><classes><class name="crypto" filename="src\services\crypto.rs" line-rate="0.8428571428571429" branch-rate="0" complexity="0"><methods/><lines><line number="21" hits="1369094286720630784"/><line number="30" hits="2089670227099910144"/><line number="31" hits="4179340454199820288"/><line number="33" hits="2089670227099910144"/><line number="34" hits="2089670227099910144"/><line number="36" hits="2089670227099910144"/><line number="38" hits="2089670227099910144"/><line number="42" hits="1152921504606846976"/><line number="43" hits="2305843009213693952"/><line number="44" hits="4611686018427387904"/><line number="45" hits="3458764513820540928"/><line number="46" hits="4611686018427387904"/><line number="50" hits="1224979098644774912"/><line number="51" hits="2449958197289549824"/><line number="52" hits="4899916394579099648"/><line number="55" hits="2449958197289549824"/><line number="56" hits="1224979098644774912"/><line number="59" hits="4899916394579099648"/><line number="60" hits="2449958197289549824"/><line number="62" hits="1224979098644774912"/><line number="66" hits="0"/><line number="67" hits="0"/><line number="71" hits="0"/><line number="72" hits="0"/><line number="76" hits="144115188075855872"/><line number="77" hits="288230376151711744"/><line number="78" hits="288230376151711744"/><line number="79" hits="144115188075855872"/><line number="83" hits="144115188075855872"/><line number="84" hits="288230376151711744"/><line number="88" hits="144115188075855872"/><line number="89" hits="144115188075855872"/><line number="93" hits="288230376151711744"/><line number="94" hits="864691128455135232"/><line number="95" hits="0"/><line number="96" hits="0"/><line number="99" hits="0"/><line number="100" hits="0"/><line number="103" hits="0"/><line number="108" hits="1729382256910270464"/><line number="109" hits="3458764513820540928"/><line number="113" hits="792633534417207296"/><line number="114" hits="792633534417207296"/><line number="115" hits="0"/><line number="118" hits="3170534137668829184"/><line number="119" hits="3170534137668829184"/><line number="120" hits="1585267068834414592"/><line number="121" hits="2377900603251621888"/><line number="122" hits="2377900603251621888"/><line number="124" hits="1585267068834414592"/><line number="125" hits="2377900603251621888"/><line number="126" hits="792633534417207296"/><line number="135" hits="504403158265495552"/><line number="136" hits="504403158265495552"/><line number="137" hits="0"/><line number="140" hits="2017612633061982208"/><line number="141" hits="2017612633061982208"/><line number="142" hits="1513209474796486656"/><line number="144" hits="1008806316530991104"/><line number="145" hits="2017612633061982208"/><line number="146" hits="504403158265495552"/><line number="152" hits="1513209474796486656"/><line number="153" hits="3026418949592973312"/><line number="154" hits="4539628424389459968"/><line number="155" hits="1513209474796486656"/><line number="159" hits="1513209474796486656"/><line number="160" hits="3026418949592973312"/><line number="161" hits="4539628424389459968"/><line number="162" hits="4539628424389459968"/><line number="163" hits="6052837899185946624"/></lines></class><class name="ssh_key" filename="src\services\ssh_key.rs" line-rate="0.75" branch-rate="0" complexity="0"><methods/><lines><line number="21" hits="1873497444986126336"/><line number="22" hits="3746994889972252672"/><line number="23" hits="216172782113783808"/><line number="24" hits="1441151880758558720"/><line number="25" hits="432345564227567616"/><line number="28" hits="1873497444986126336"/><line number="45" hits="216172782113783808"/><line number="47" hits="432345564227567616"/><line number="48" hits="864691128455135232"/><line number="49" hits="216172782113783808"/><line number="53" hits="216172782113783808"/><line number="54" hits="0"/><line number="58" hits="216172782113783808"/><line number="59" hits="0"/><line number="70" hits="1441151880758558720"/><line number="72" hits="2882303761517117440"/><line number="73" hits="4323455642275676160"/><line number="74" hits="1441151880758558720"/><line number="77" hits="1441151880758558720"/><line number="78" hits="0"/><line number="97" hits="216172782113783808"/><line number="99" hits="432345564227567616"/><line number="101" hits="216172782113783808"/><line number="134" hits="0"/><line number="135" hits="0"/><line number="160" hits="0"/><line number="165" hits="1873497444986126336"/><line number="167" hits="9367487224930631680"/><line number="168" hits="1873497444986126336"/><line number="169" hits="0"/><line number="172" hits="1873497444986126336"/><line number="173" hits="0"/></lines></class></classes></package><package name="" line-rate="0.20476190476190476" branch-rate="0" complexity="0"><classes></classes></package><package name="tests" line-rate="0" branch-rate="0" complexity="0"><classes></classes></package><package name="src\tests" line-rate="0" branch-rate="0" complexity="0"><classes></classes></package><package name="src" line-rate="0.20476190476190476" branch-rate="0" complexity="0"><classes><class name="error" filename="src\error.rs" line-rate="1" branch-rate="0" complexity="0"><methods/><lines><line number="31" hits="10936"/><line number="32" hits="21872"/></lines></class><class name="lib" filename="src\lib.rs" line-rate="0" branch-rate="0" complexity="0"><methods/><lines><line number="16" hits="0"/><line number="17" hits="0"/><line number="18" hits="0"/><line number="19" hits="0"/><line number="20" hits="0"/><line number="21" hits="0"/><line number="22" hits="0"/><line number="23" hits="0"/><line number="37" hits="0"/></lines></class><class name="main" filename="src\main.rs" line-rate="0" branch-rate="0" complexity="0"><methods/><lines><line number="3" hits="0"/><line number="4" hits="0"/><line number="7" hits="0"/><line number="8" hits="0"/><line number="9" hits="0"/><line number="11" hits="0"/><line number="12" hits="0"/><line number="15" hits="0"/><line number="16" hits="0"/><line number="17" hits="0"/><line number="19" hits="0"/><line number="20" hits="0"/><line number="22" hits="0"/><line number="23" hits="0"/><line number="25" hits="0"/><line number="26" hits="0"/><line number="27" hits="0"/><line number="29" hits="0"/><line number="30" hits="0"/><line number="32" hits="0"/><line number="36" hits="0"/><line number="37" hits="0"/><line number="38" hits="0"/><line number="40" hits="0"/><line number="43" hits="0"/><line number="44" hits="0"/><line number="46" hits="0"/><line number="50" hits="0"/><line number="51" hits="0"/><line number="52" hits="0"/><line number="54" hits="0"/></lines></class><class name="storage" filename="src\storage.rs" line-rate="0.013888888888888888" branch-rate="0" complexity="0"><methods/><lines><line number="12" hits="0"/><line number="13" hits="0"/><line number="14" hits="16"/><line number="18" hits="0"/><line number="20" hits="0"/><line number="22" hits="0"/><line number="27" hits="0"/><line number="32" hits="0"/><line number="33" hits="0"/><line number="37" hits="0"/><line number="38" hits="0"/><line number="39" hits="0"/><line number="43" hits="0"/><line number="44" hits="0"/><line number="46" hits="0"/><line number="47" hits="0"/><line number="49" hits="0"/><line number="50" hits="0"/><line number="51" hits="0"/><line number="54" hits="0"/><line number="56" hits="0"/><line number="59" hits="0"/><line number="63" hits="0"/><line number="65" hits="0"/><line number="69" hits="0"/><line number="72" hits="0"/><line number="73" hits="0"/><line number="74" hits="0"/><line number="75" hits="0"/><line number="76" hits="0"/><line number="77" hits="0"/><line number="79" hits="0"/><line number="82" hits="0"/><line number="83" hits="0"/><line number="84" hits="0"/><line number="85" hits="0"/><line number="86" hits="0"/><line number="87" hits="0"/><line number="91" hits="0"/><line number="92" hits="0"/><line number="94" hits="0"/><line number="97" hits="0"/><line number="98" hits="0"/><line number="99" hits="0"/><line number="102" hits="0"/><line number="103" hits="0"/><line number="104" hits="0"/><line number="108" hits="0"/><line number="111" hits="0"/><line number="114" hits="0"/><line number="115" hits="0"/><line number="118" hits="0"/><line number="119" hits="0"/><line number="122" hits="0"/><line number="123" hits="0"/><line number="124" hits="0"/><line number="125" hits="0"/><line number="127" hits="0"/><line number="128" hits="0"/><line number="129" hits="0"/><line number="133" hits="0"/><line number="135" hits="0"/><line number="136" hits="0"/><line number="137" hits="0"/><line number="140" hits="0"/><line number="142" hits="0"/><line number="143" hits="0"/><line number="147" hits="0"/><line number="148" hits="0"/><line number="151" hits="0"/><line number="154" hits="0"/><line number="156" hits="0"/></lines></class><class name="types" filename="src\types.rs" line-rate="0" branch-rate="0" complexity="0"><methods/><lines><line number="15" hits="0"/><line number="16" hits="0"/><line number="17" hits="0"/><line number="18" hits="0"/><line number="19" hits="0"/></lines></class></classes></package><package name="src\commands" line-rate="0" branch-rate="0" complexity="0"><classes><class name="mod" filename="src\commands\mod.rs" line-rate="0" branch-rate="0" complexity="0"><methods/><lines><line number="12" hits="0"/><line number="13" hits="0"/><line number="14" hits="0"/><line number="19" hits="0"/><line number="24" hits="0"/><line number="25" hits="0"/><line number="28" hits="0"/><line number="31" hits="0"/><line number="32" hits="0"/><line number="36" hits="0"/><line number="37" hits="0"/><line number="40" hits="0"/><line number="41" hits="0"/><line number="42" hits="0"/><line number="43" hits="0"/><line number="44" hits="0"/><line number="45" hits="0"/><line number="46" hits="0"/><line number="47" hits="0"/><line number="52" hits="0"/><line number="53" hits="0"/><line number="56" hits="0"/><line number="58" hits="0"/><line number="63" hits="0"/><line number="68" hits="0"/><line number="69" hits="0"/><line number="72" hits="0"/><line number="75" hits="0"/><line number="76" hits="0"/><line number="79" hits="0"/><line number="81" hits="0"/><line number="86" hits="0"/><line number="92" hits="0"/><line number="93" hits="0"/><line number="96" hits="0"/><line number="99" hits="0"/><line number="101" hits="0"/><line number="104" hits="0"/><line number="106" hits="0"/><line number="111" hits="0"/><line number="115" hits="0"/><line number="117" hits="0"/><line number="121" hits="0"/><line number="123" hits="0"/><line number="125" hits="0"/><line number="130" hits="0"/><line number="135" hits="0"/><line number="137" hits="0"/><line number="141" hits="0"/><line number="142" hits="0"/><line number="143" hits="0"/><line number="146" hits="0"/><line number="147" hits="0"/><line number="148" hits="0"/><line number="150" hits="0"/><line number="156" hits="0"/><line number="162" hits="0"/><line number="165" hits="0"/><line number="169" hits="0"/><line number="173" hits="0"/><line number="174" hits="0"/><line number="177" hits="0"/><line number="180" hits="0"/><line number="181" hits="0"/><line number="183" hits="0"/><line number="184" hits="0"/><line number="187" hits="0"/><line number="188" hits="0"/><line number="189" hits="0"/><line number="191" hits="0"/><line number="196" hits="0"/><line number="202" hits="0"/><line number="203" hits="0"/><line number="206" hits="0"/><line number="209" hits="0"/><line number="212" hits="0"/><line number="213" hits="0"/><line number="217" hits="0"/><line number="219" hits="0"/><line number="224" hits="0"/><line number="232" hits="0"/><line number="235" hits="0"/><line number="239" hits="0"/><line number="241" hits="0"/><line number="244" hits="0"/><line number="246" hits="0"/><line number="249" hits="0"/><line number="250" hits="0"/><line number="254" hits="0"/><line number="255" hits="0"/><line number="259" hits="0"/><line number="260" hits="0"/><line number="261" hits="0"/><line number="262" hits="0"/><line number="263" hits="0"/><line number="264" hits="0"/><line number="265" hits="0"/><line number="266" hits="0"/><line number="267" hits="0"/><line number="269" hits="0"/><line number="270" hits="0"/><line number="273" hits="0"/><line number="274" hits="0"/><line number="276" hits="0"/><line number="277" hits="0"/><line number="279" hits="0"/><line number="281" hits="0"/><line number="282" hits="0"/><line number="283" hits="0"/><line number="285" hits="0"/><line number="289" hits="0"/><line number="290" hits="0"/><line number="291" hits="0"/><line number="294" hits="0"/><line number="295" hits="0"/><line number="296" hits="0"/><line number="300" hits="0"/><line number="302" hits="0"/><line number="303" hits="0"/><line number="304" hits="0"/><line number="305" hits="0"/><line number="306" hits="0"/><line number="307" hits="0"/><line number="308" hits="0"/><line number="309" hits="0"/><line number="310" hits="0"/><line number="312" hits="0"/><line number="313" hits="0"/><line number="315" hits="0"/><line number="316" hits="0"/><line number="318" hits="0"/><line number="321" hits="0"/><line number="324" hits="0"/><line number="325" hits="0"/><line number="328" hits="0"/><line number="332" hits="0"/><line number="337" hits="0"/><line number="342" hits="0"/><line number="343" hits="0"/><line number="347" hits="0"/><line number="350" hits="0"/><line number="351" hits="0"/><line number="354" hits="0"/><line number="356" hits="0"/><line number="357" hits="0"/><line number="361" hits="0"/><line number="364" hits="0"/><line number="367" hits="0"/><line number="370" hits="0"/><line number="371" hits="0"/><line number="372" hits="0"/><line number="373" hits="0"/><line number="374" hits="0"/><line number="375" hits="0"/><line number="379" hits="0"/><line number="380" hits="0"/><line number="381" hits="0"/><line number="386" hits="0"/><line number="387" hits="0"/><line number="388" hits="0"/><line number="389" hits="0"/><line number="390" hits="0"/><line number="391" hits="0"/><line number="392" hits="0"/><line number="396" hits="0"/><line number="397" hits="0"/><line number="400" hits="0"/><line number="401" hits="0"/><line number="403" hits="0"/><line number="407" hits="0"/><line number="411" hits="0"/><line number="413" hits="0"/><line number="417" hits="0"/><line number="419" hits="0"/><line number="422" hits="0"/><line number="423" hits="0"/><line number="424" hits="0"/><line number="425" hits="0"/><line number="428" hits="0"/><line number="429" hits="0"/><line number="433" hits="0"/><line number="437" hits="0"/><line number="438" hits="0"/><line number="440" hits="0"/><line number="442" hits="0"/><line number="443" hits="0"/><line number="444" hits="0"/><line number="447" hits="0"/><line number="452" hits="0"/><line number="453" hits="0"/><line number="455" hits="0"/><line number="457" hits="0"/><line number="458" hits="0"/><line number="459" hits="0"/><line number="461" hits="0"/><line number="521" hits="0"/><line number="525" hits="0"/><line number="526" hits="0"/><line number="527" hits="0"/></lines></class></classes></package></packages></coverage>